[debug] [2023-05-15T15:49:08.332Z] ----------------------------------------------------------------------
[debug] [2023-05-15T15:49:08.334Z] Command:       C:\Program Files\nodejs\node.exe C:\Program Files\nodejs\node_modules\firebase-tools\lib\bin\firebase.js init
[debug] [2023-05-15T15:49:08.334Z] CLI Version:   12.0.0
[debug] [2023-05-15T15:49:08.335Z] Platform:      win32
[debug] [2023-05-15T15:49:08.335Z] Node Version:  v18.0.0
[debug] [2023-05-15T15:49:08.335Z] Time:          Mon May 15 2023 21:19:08 GMT+0530 (India Standard Time)
[debug] [2023-05-15T15:49:08.335Z] ----------------------------------------------------------------------
[debug] 
[debug] [2023-05-15T15:49:08.341Z] > command requires scopes: ["email","openid","https://www.googleapis.com/auth/cloudplatformprojects.readonly","https://www.googleapis.com/auth/firebase","https://www.googleapis.com/auth/cloud-platform"]
[debug] [2023-05-15T15:49:08.341Z] > authorizing via signed-in user (mailtoronakgupta@gmail.com)
[info] 
     ######## #### ########  ######## ########     ###     ######  ########
     ##        ##  ##     ## ##       ##     ##  ##   ##  ##       ##
     ######    ##  ########  ######   ########  #########  ######  ######
     ##        ##  ##    ##  ##       ##     ## ##     ##       ## ##
     ##       #### ##     ## ######## ########  ##     ##  ######  ########

You're about to initialize a Firebase project in this directory:

  D:\Chesstune\Chesstune-webApp\my-app

[info] 
=== Project Setup
[info] 
[info] First, let's associate this project directory with a Firebase project.
[info] You can create multiple project aliases by running firebase use --add, 
[info] but for now we'll just set up a default project.
[info] 
[debug] [2023-05-15T15:49:28.178Z] >>> [apiv2][query] GET https://firebase.googleapis.com/v1beta1/projects pageSize=100
[debug] [2023-05-15T15:49:29.500Z] <<< [apiv2][status] GET https://firebase.googleapis.com/v1beta1/projects 200
[debug] [2023-05-15T15:49:29.501Z] <<< [apiv2][body] GET https://firebase.googleapis.com/v1beta1/projects [omitted]
[info] i  Using project chesstune-web (Chesstune-web) 
[info] 
=== Hosting Setup
[info] 
[info] Your public directory is the folder (relative to your project directory) that
[info] will contain Hosting assets to be uploaded with firebase deploy. If you
[info] have a build process for your assets, use your build's output directory.
[info] 
[info] +  Wrote public/404.html 
[debug] [2023-05-15T15:49:55.276Z] >>> [apiv2][query] GET https://www.gstatic.com/firebasejs/releases.json [none]
[debug] [2023-05-15T15:49:55.602Z] <<< [apiv2][status] GET https://www.gstatic.com/firebasejs/releases.json 200
[debug] [2023-05-15T15:49:55.603Z] <<< [apiv2][body] GET https://www.gstatic.com/firebasejs/releases.json {"current":{"version":"9.22.0","browserURL":"https://www.gstatic.com/firebasejs/9.22.0/firebase.js","packageURL":"https://www.gstatic.com/firebasejs/9.22.0/firebase.tgz"},"live":{"version":"9.22","browserURL":"https://www.gstatic.com/firebasejs/live/9.22/firebase.js","packageURL":"https://www.gstatic.com/firebasejs/live/9.22/firebase.tgz"},"components":{"analytics":"https://www.gstatic.com/firebasejs/9.22.0/firebase-analytics.js","app":"https://www.gstatic.com/firebasejs/9.22.0/firebase-app.js","app-check":"https://www.gstatic.com/firebasejs/9.22.0/firebase-app-check.js","auth":"https://www.gstatic.com/firebasejs/9.22.0/firebase-auth.js","auth/cordova":"https://www.gstatic.com/firebasejs/9.22.0/firebase-auth/cordova.js","auth/react-native":"https://www.gstatic.com/firebasejs/9.22.0/firebase-auth/react-native.js","functions":"https://www.gstatic.com/firebasejs/9.22.0/firebase-functions.js","firestore":"https://www.gstatic.com/firebasejs/9.22.0/firebase-firestore.js","firestore/lite":"https://www.gstatic.com/firebasejs/9.22.0/firebase-firestore/lite.js","installations":"https://www.gstatic.com/firebasejs/9.22.0/firebase-installations.js","storage":"https://www.gstatic.com/firebasejs/9.22.0/firebase-storage.js","performance":"https://www.gstatic.com/firebasejs/9.22.0/firebase-performance.js","remote-config":"https://www.gstatic.com/firebasejs/9.22.0/firebase-remote-config.js","messaging":"https://www.gstatic.com/firebasejs/9.22.0/firebase-messaging.js","messaging/sw":"https://www.gstatic.com/firebasejs/9.22.0/firebase-messaging/sw.js","database":"https://www.gstatic.com/firebasejs/9.22.0/firebase-database.js","firestore.memory":"https://www.gstatic.com/firebasejs/9.22.0/firebase-firestore.memory.js"}}
[info] +  Wrote public/index.html 
[info] 
[info] i  Detected a .git folder at D:\Chesstune\Chesstune-webApp 
[info] i  Authorizing with GitHub to upload your service account to a GitHub repository's secrets store. 
[info] 
[info] Visit this URL on this device to log in:
[info] https://github.com/login/oauth/authorize?client_id=89cf50f02ac6aaed3484&state=175744577&redirect_uri=http%3A%2F%2Flocalhost%3A9005&scope=read%3Auser%20repo%20public_repo
[info] 
[info] Waiting for authentication...
[debug] [2023-05-15T15:50:27.385Z] >>> [apiv2][query] POST https://github.com/login/oauth/access_token [none]
[debug] [2023-05-15T15:50:27.385Z] >>> [apiv2][body] POST https://github.com/login/oauth/access_token [stream]
[debug] [2023-05-15T15:50:28.064Z] <<< [apiv2][status] POST https://github.com/login/oauth/access_token 200
[debug] [2023-05-15T15:50:28.065Z] <<< [apiv2][body] POST https://github.com/login/oauth/access_token {"access_token":"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","token_type":"bearer","scope":"read:user,repo"}
[debug] [2023-05-15T15:50:28.092Z] >>> [apiv2][query] GET https://api.github.com/user [none]
[debug] [2023-05-15T15:50:28.782Z] <<< [apiv2][status] GET https://api.github.com/user 200
[debug] [2023-05-15T15:50:28.783Z] <<< [apiv2][body] GET https://api.github.com/user {"login":"ronakgupta11","id":93486131,"node_id":"U_kgDOBZJ8Mw","avatar_url":"https://avatars.githubusercontent.com/u/93486131?v=4","gravatar_id":"","url":"https://api.github.com/users/ronakgupta11","html_url":"https://github.com/ronakgupta11","followers_url":"https://api.github.com/users/ronakgupta11/followers","following_url":"https://api.github.com/users/ronakgupta11/following{/other_user}","gists_url":"https://api.github.com/users/ronakgupta11/gists{/gist_id}","starred_url":"https://api.github.com/users/ronakgupta11/starred{/owner}{/repo}","subscriptions_url":"https://api.github.com/users/ronakgupta11/subscriptions","organizations_url":"https://api.github.com/users/ronakgupta11/orgs","repos_url":"https://api.github.com/users/ronakgupta11/repos","events_url":"https://api.github.com/users/ronakgupta11/events{/privacy}","received_events_url":"https://api.github.com/users/ronakgupta11/received_events","type":"User","site_admin":false,"name":"Ronak Gupta","company":null,"blog":"","location":"Jaipur,Rajasthan","email":null,"hireable":null,"bio":null,"twitter_username":"RonakguptaRk07","public_repos":43,"public_gists":0,"followers":0,"following":1,"created_at":"2021-10-31T17:02:18Z","updated_at":"2023-04-20T13:30:13Z","private_gists":0,"total_private_repos":61,"owned_private_repos":60,"disk_usage":298641,"collaborators":0,"two_factor_authentication":false,"plan":{"name":"pro","space":976562499,"collaborators":0,"private_repos":9999}}
[info] 
[info] +  Success! Logged into GitHub as ronakgupta11 
[info] 
